0 info it worked if it ends with ok
1 verbose cli [ '/usr/local/Cellar/node/5.9.1/bin/node',
1 verbose cli   '/usr/local/bin/npm',
1 verbose cli   'run',
1 verbose cli   'build:destructuring' ]
2 info using npm@3.7.3
3 info using node@v5.9.1
4 verbose run-script [ 'prebuild:destructuring',
4 verbose run-script   'build:destructuring',
4 verbose run-script   'postbuild:destructuring' ]
5 info lifecycle ES6@1.0.0~prebuild:destructuring: ES6@1.0.0
6 silly lifecycle ES6@1.0.0~prebuild:destructuring: no script for prebuild:destructuring, continuing
7 info lifecycle ES6@1.0.0~build:destructuring: ES6@1.0.0
8 verbose lifecycle ES6@1.0.0~build:destructuring: unsafe-perm in lifecycle true
9 verbose lifecycle ES6@1.0.0~build:destructuring: PATH: /usr/local/lib/node_modules/npm/bin/node-gyp-bin:/Users/thomas/Web_AppDev/ES6/node_modules/.bin:/usr/local/Cellar/node/5.9.1/bin://anaconda/bin:/usr/local/bin:/usr/local/sbin:/usr/local/bin:/usr/bin:/bin:/usr/sbin:/sbin:/Library/TeX/texbin:/usr/texbin
10 verbose lifecycle ES6@1.0.0~build:destructuring: CWD: /Users/thomas/Web_AppDev/ES6
11 silly lifecycle ES6@1.0.0~build:destructuring: Args: [ '-c',
11 silly lifecycle   'babel -w destructuring/code/ -d destructuring/build/ --source-maps' ]
12 silly lifecycle ES6@1.0.0~build:destructuring: Returned: code: 2  signal: null
13 info lifecycle ES6@1.0.0~build:destructuring: Failed to exec build:destructuring script
14 verbose stack Error: ES6@1.0.0 build:destructuring: `babel -w destructuring/code/ -d destructuring/build/ --source-maps`
14 verbose stack Exit status 2
14 verbose stack     at EventEmitter.<anonymous> (/usr/local/lib/node_modules/npm/lib/utils/lifecycle.js:239:16)
14 verbose stack     at emitTwo (events.js:100:13)
14 verbose stack     at EventEmitter.emit (events.js:185:7)
14 verbose stack     at ChildProcess.<anonymous> (/usr/local/lib/node_modules/npm/lib/utils/spawn.js:24:14)
14 verbose stack     at emitTwo (events.js:100:13)
14 verbose stack     at ChildProcess.emit (events.js:185:7)
14 verbose stack     at maybeClose (internal/child_process.js:850:16)
14 verbose stack     at Process.ChildProcess._handle.onexit (internal/child_process.js:215:5)
15 verbose pkgid ES6@1.0.0
16 verbose cwd /Users/thomas/Web_AppDev/ES6
17 error Darwin 15.3.0
18 error argv "/usr/local/Cellar/node/5.9.1/bin/node" "/usr/local/bin/npm" "run" "build:destructuring"
19 error node v5.9.1
20 error npm  v3.7.3
21 error code ELIFECYCLE
22 error ES6@1.0.0 build:destructuring: `babel -w destructuring/code/ -d destructuring/build/ --source-maps`
22 error Exit status 2
23 error Failed at the ES6@1.0.0 build:destructuring script 'babel -w destructuring/code/ -d destructuring/build/ --source-maps'.
23 error Make sure you have the latest version of node.js and npm installed.
23 error If you do, this is most likely a problem with the ES6 package,
23 error not with npm itself.
23 error Tell the author that this fails on your system:
23 error     babel -w destructuring/code/ -d destructuring/build/ --source-maps
23 error You can get information on how to open an issue for this project with:
23 error     npm bugs ES6
23 error Or if that isn't available, you can get their info via:
23 error     npm owner ls ES6
23 error There is likely additional logging output above.
24 verbose exit [ 1, true ]
